<?xml version="1.0" encoding="UTF-8"?>
<testng-results skipped="0" failed="0" total="1" passed="1">
  <reporter-output>
  </reporter-output>
  <suite name="Suite1" duration-ms="63112" started-at="2017-08-31T11:40:31Z" finished-at="2017-08-31T11:41:34Z">
    <groups>
    </groups>
    <test name="Regression1" duration-ms="63112" started-at="2017-08-31T11:40:31Z" finished-at="2017-08-31T11:41:34Z">
      <class name="com.linkedin.test.linkedinSearch">
        <test-method status="PASS" signature="Initialization()[pri:0, instance:com.linkedin.test.linkedinSearch@5f375618]" name="Initialization" is-config="true" duration-ms="3544" started-at="2017-08-31T17:10:27Z" finished-at="2017-08-31T17:10:31Z">
          <reporter-output>
          </reporter-output>
        </test-method> <!-- Initialization -->
        <test-method status="PASS" signature="openSite()[pri:0, instance:com.linkedin.test.linkedinSearch@5f375618]" name="openSite" is-config="true" duration-ms="6803" started-at="2017-08-31T17:10:31Z" finished-at="2017-08-31T17:10:38Z">
          <reporter-output>
          </reporter-output>
        </test-method> <!-- openSite -->
        <test-method status="PASS" signature="login()[pri:0, instance:com.linkedin.test.linkedinSearch@5f375618]" name="login" duration-ms="55301" started-at="2017-08-31T17:10:38Z" finished-at="2017-08-31T17:11:33Z">
          <reporter-output>
          </reporter-output>
        </test-method> <!-- login -->
        <test-method status="PASS" signature="aftertest()[pri:0, instance:com.linkedin.test.linkedinSearch@5f375618]" name="aftertest" is-config="true" duration-ms="981" started-at="2017-08-31T17:11:33Z" finished-at="2017-08-31T17:11:34Z">
          <reporter-output>
          </reporter-output>
        </test-method> <!-- aftertest -->
      </class> <!-- com.linkedin.test.linkedinSearch -->
    </test> <!-- Regression1 -->
  </suite> <!-- Suite1 -->
</testng-results>
